<?xml version="1.0" encoding="UTF-8"?>
<!-- Generated by org.testng.reporters.JUnitReportReporter -->
<testsuite hostname="Ravi-PC" name="com.ohrm.testPakage.HomePageTest" tests="1" failures="0" timestamp="4 May 2018 13:47:47 GMT" time="11.201" errors="0">
  <testcase name="pimpLinkClick" time="11.201" classname="com.ohrm.testPakage.HomePageTest"/>
</testsuite> <!-- com.ohrm.testPakage.HomePageTest -->
